<?xml version="1.0" encoding="UTF-8"?>
<testsuite xmlns:xsi="http://www.w3.org/2001/XMLSchema-instance" xsi:noNamespaceSchemaLocation="https://maven.apache.org/surefire/maven-surefire-plugin/xsd/surefire-test-report.xsd" version="3.0.1" name="com.cpms.cpms.services.ClientServiceTest" time="0.071" tests="5" errors="0" skipped="0" failures="0">
  <properties>
[...]
</properties>
  <testcase name="shouldAddClient" classname="com.cpms.cpms.services.ClientServiceTest" time="0.048"/>
  <testcase name="shouldGetClientById" classname="com.cpms.cpms.services.ClientServiceTest" time="0.003"/>
  <testcase name="shouldGetAllClients" classname="com.cpms.cpms.services.ClientServiceTest" time="0.007"/>
  <testcase name="shouldUpdateClient" classname="com.cpms.cpms.services.ClientServiceTest" time="0.004"/>
  <testcase name="shouldDeleteClientById" classname="com.cpms.cpms.services.ClientServiceTest" time="0.002"/>
</testsuite>